21:50:30 **** Build of configuration Release for project AX_SSP ****
"D:\\Downloads\\Sloeber\\arduinoPlugin\\tools\\make\\make" all 
'Building file: ..\sloeber.ino.cpp'
'Starting C++ compile'
"D:\Downloads\Sloeber\arduinoPlugin\packages\arduino\tools\avr-gcc\7.3.0-atmel3.6.1-arduino7/bin/avr-g++" -c -g -Os -w -std=gnu++11 -fpermissive -fno-exceptions -ffunction-sections -fdata-sections -fno-threadsafe-statics -Wno-error=narrowing -MMD -flto -mmcu=atmega2560 -DF_CPU=16000000L -DARDUINO=10812 -DARDUINO_AVR_MEGA2560 -DARDUINO_ARCH_AVR     -I"D:\Downloads\Sloeber\arduinoPlugin\packages\arduino\hardware\avr\1.8.4\cores\arduino" -I"D:\Downloads\Sloeber\arduinoPlugin\packages\arduino\hardware\avr\1.8.4\variants\mega" -I"C:\Users\Mohamed Ezzat\Documents\Arduino\libraries\RF24" -I"D:\Downloads\Sloeber\arduinoPlugin\packages\arduino\hardware\avr\1.8.4\libraries\SPI\src" -I"C:\Users\Mohamed Ezzat\Documents\Arduino\libraries\RF24\utility" -MMD -MP -MF"sloeber.ino.cpp.d" -MT"sloeber.ino.cpp.o" -D__IN_ECLIPSE__=1 -x c++ "..\sloeber.ino.cpp"   -o "sloeber.ino.cpp.o"
'Finished building: ..\sloeber.ino.cpp'
' '
'Building file: D:\Downloads\Sloeber\arduinoPlugin\packages\arduino\hardware\avr\1.8.4\libraries\SPI\src\SPI.cpp'
'Starting C++ compile'
"D:\Downloads\Sloeber\arduinoPlugin\packages\arduino\tools\avr-gcc\7.3.0-atmel3.6.1-arduino7/bin/avr-g++" -c -g -Os -w -std=gnu++11 -fpermissive -fno-exceptions -ffunction-sections -fdata-sections -fno-threadsafe-statics -Wno-error=narrowing -MMD -flto -mmcu=atmega2560 -DF_CPU=16000000L -DARDUINO=10812 -DARDUINO_AVR_MEGA2560 -DARDUINO_ARCH_AVR     -I"D:\Downloads\Sloeber\arduinoPlugin\packages\arduino\hardware\avr\1.8.4\cores\arduino" -I"D:\Downloads\Sloeber\arduinoPlugin\packages\arduino\hardware\avr\1.8.4\variants\mega" -I"C:\Users\Mohamed Ezzat\Documents\Arduino\libraries\RF24" -I"D:\Downloads\Sloeber\arduinoPlugin\packages\arduino\hardware\avr\1.8.4\libraries\SPI\src" -I"C:\Users\Mohamed Ezzat\Documents\Arduino\libraries\RF24\utility" -MMD -MP -MF"libraries\SPI\src\SPI.cpp.d" -MT"libraries\SPI\src\SPI.cpp.o" -D__IN_ECLIPSE__=1 -x c++ "D:\Downloads\Sloeber\arduinoPlugin\packages\arduino\hardware\avr\1.8.4\libraries\SPI\src\SPI.cpp"   -o "libraries\SPI\src\SPI.cpp.o"
'Finished building: D:\Downloads\Sloeber\arduinoPlugin\packages\arduino\hardware\avr\1.8.4\libraries\SPI\src\SPI.cpp'
' '
'Building file: C:\Users\Mohamed Ezzat\Documents\Arduino\libraries\RF24\RF24.cpp'
'Starting C++ compile'
"D:\Downloads\Sloeber\arduinoPlugin\packages\arduino\tools\avr-gcc\7.3.0-atmel3.6.1-arduino7/bin/avr-g++" -c -g -Os -w -std=gnu++11 -fpermissive -fno-exceptions -ffunction-sections -fdata-sections -fno-threadsafe-statics -Wno-error=narrowing -MMD -flto -mmcu=atmega2560 -DF_CPU=16000000L -DARDUINO=10812 -DARDUINO_AVR_MEGA2560 -DARDUINO_ARCH_AVR     -I"D:\Downloads\Sloeber\arduinoPlugin\packages\arduino\hardware\avr\1.8.4\cores\arduino" -I"D:\Downloads\Sloeber\arduinoPlugin\packages\arduino\hardware\avr\1.8.4\variants\mega" -I"C:\Users\Mohamed Ezzat\Documents\Arduino\libraries\RF24" -I"D:\Downloads\Sloeber\arduinoPlugin\packages\arduino\hardware\avr\1.8.4\libraries\SPI\src" -I"C:\Users\Mohamed Ezzat\Documents\Arduino\libraries\RF24\utility" -MMD -MP -MF"libraries\RF24\RF24.cpp.d" -MT"libraries\RF24\RF24.cpp.o" -D__IN_ECLIPSE__=1 -x c++ "C:\Users\Mohamed Ezzat\Documents\Arduino\libraries\RF24\RF24.cpp"   -o "libraries\RF24\RF24.cpp.o"
'Finished building: C:\Users\Mohamed Ezzat\Documents\Arduino\libraries\RF24\RF24.cpp'
' '
'Building file: D:\Downloads\Sloeber\arduinoPlugin\packages\arduino\hardware\avr\1.8.4\cores\arduino\CDC.cpp'
'Starting C++ compile'
"D:\Downloads\Sloeber\arduinoPlugin\packages\arduino\tools\avr-gcc\7.3.0-atmel3.6.1-arduino7/bin/avr-g++" -c -g -Os -w -std=gnu++11 -fpermissive -fno-exceptions -ffunction-sections -fdata-sections -fno-threadsafe-statics -Wno-error=narrowing -MMD -flto -mmcu=atmega2560 -DF_CPU=16000000L -DARDUINO=10812 -DARDUINO_AVR_MEGA2560 -DARDUINO_ARCH_AVR     -I"D:\Downloads\Sloeber\arduinoPlugin\packages\arduino\hardware\avr\1.8.4\cores\arduino" -I"D:\Downloads\Sloeber\arduinoPlugin\packages\arduino\hardware\avr\1.8.4\variants\mega" -I"C:\Users\Mohamed Ezzat\Documents\Arduino\libraries\RF24" -I"D:\Downloads\Sloeber\arduinoPlugin\packages\arduino\hardware\avr\1.8.4\libraries\SPI\src" -I"C:\Users\Mohamed Ezzat\Documents\Arduino\libraries\RF24\utility" -MMD -MP -MF"core\core\CDC.cpp.d" -MT"core\core\CDC.cpp.o" -D__IN_ECLIPSE__=1 -x c++ "D:\Downloads\Sloeber\arduinoPlugin\packages\arduino\hardware\avr\1.8.4\cores\arduino\CDC.cpp"   -o "core\core\CDC.cpp.o"
'Finished building: D:\Downloads\Sloeber\arduinoPlugin\packages\arduino\hardware\avr\1.8.4\cores\arduino\CDC.cpp'
' '
'Building file: D:\Downloads\Sloeber\arduinoPlugin\packages\arduino\hardware\avr\1.8.4\cores\arduino\HardwareSerial.cpp'
'Starting C++ compile'
"D:\Downloads\Sloeber\arduinoPlugin\packages\arduino\tools\avr-gcc\7.3.0-atmel3.6.1-arduino7/bin/avr-g++" -c -g -Os -w -std=gnu++11 -fpermissive -fno-exceptions -ffunction-sections -fdata-sections -fno-threadsafe-statics -Wno-error=narrowing -MMD -flto -mmcu=atmega2560 -DF_CPU=16000000L -DARDUINO=10812 -DARDUINO_AVR_MEGA2560 -DARDUINO_ARCH_AVR     -I"D:\Downloads\Sloeber\arduinoPlugin\packages\arduino\hardware\avr\1.8.4\cores\arduino" -I"D:\Downloads\Sloeber\arduinoPlugin\packages\arduino\hardware\avr\1.8.4\variants\mega" -I"C:\Users\Mohamed Ezzat\Documents\Arduino\libraries\RF24" -I"D:\Downloads\Sloeber\arduinoPlugin\packages\arduino\hardware\avr\1.8.4\libraries\SPI\src" -I"C:\Users\Mohamed Ezzat\Documents\Arduino\libraries\RF24\utility" -MMD -MP -MF"core\core\HardwareSerial.cpp.d" -MT"core\core\HardwareSerial.cpp.o" -D__IN_ECLIPSE__=1 -x c++ "D:\Downloads\Sloeber\arduinoPlugin\packages\arduino\hardware\avr\1.8.4\cores\arduino\HardwareSerial.cpp"   -o "core\core\HardwareSerial.cpp.o"
'Finished building: D:\Downloads\Sloeber\arduinoPlugin\packages\arduino\hardware\avr\1.8.4\cores\arduino\HardwareSerial.cpp'
' '
'Building file: D:\Downloads\Sloeber\arduinoPlugin\packages\arduino\hardware\avr\1.8.4\cores\arduino\HardwareSerial0.cpp'
'Starting C++ compile'
"D:\Downloads\Sloeber\arduinoPlugin\packages\arduino\tools\avr-gcc\7.3.0-atmel3.6.1-arduino7/bin/avr-g++" -c -g -Os -w -std=gnu++11 -fpermissive -fno-exceptions -ffunction-sections -fdata-sections -fno-threadsafe-statics -Wno-error=narrowing -MMD -flto -mmcu=atmega2560 -DF_CPU=16000000L -DARDUINO=10812 -DARDUINO_AVR_MEGA2560 -DARDUINO_ARCH_AVR     -I"D:\Downloads\Sloeber\arduinoPlugin\packages\arduino\hardware\avr\1.8.4\cores\arduino" -I"D:\Downloads\Sloeber\arduinoPlugin\packages\arduino\hardware\avr\1.8.4\variants\mega" -I"C:\Users\Mohamed Ezzat\Documents\Arduino\libraries\RF24" -I"D:\Downloads\Sloeber\arduinoPlugin\packages\arduino\hardware\avr\1.8.4\libraries\SPI\src" -I"C:\Users\Mohamed Ezzat\Documents\Arduino\libraries\RF24\utility" -MMD -MP -MF"core\core\HardwareSerial0.cpp.d" -MT"core\core\HardwareSerial0.cpp.o" -D__IN_ECLIPSE__=1 -x c++ "D:\Downloads\Sloeber\arduinoPlugin\packages\arduino\hardware\avr\1.8.4\cores\arduino\HardwareSerial0.cpp"   -o "core\core\HardwareSerial0.cpp.o"
'Finished building: D:\Downloads\Sloeber\arduinoPlugin\packages\arduino\hardware\avr\1.8.4\cores\arduino\HardwareSerial0.cpp'
' '
'Building file: D:\Downloads\Sloeber\arduinoPlugin\packages\arduino\hardware\avr\1.8.4\cores\arduino\HardwareSerial1.cpp'
'Starting C++ compile'
"D:\Downloads\Sloeber\arduinoPlugin\packages\arduino\tools\avr-gcc\7.3.0-atmel3.6.1-arduino7/bin/avr-g++" -c -g -Os -w -std=gnu++11 -fpermissive -fno-exceptions -ffunction-sections -fdata-sections -fno-threadsafe-statics -Wno-error=narrowing -MMD -flto -mmcu=atmega2560 -DF_CPU=16000000L -DARDUINO=10812 -DARDUINO_AVR_MEGA2560 -DARDUINO_ARCH_AVR     -I"D:\Downloads\Sloeber\arduinoPlugin\packages\arduino\hardware\avr\1.8.4\cores\arduino" -I"D:\Downloads\Sloeber\arduinoPlugin\packages\arduino\hardware\avr\1.8.4\variants\mega" -I"C:\Users\Mohamed Ezzat\Documents\Arduino\libraries\RF24" -I"D:\Downloads\Sloeber\arduinoPlugin\packages\arduino\hardware\avr\1.8.4\libraries\SPI\src" -I"C:\Users\Mohamed Ezzat\Documents\Arduino\libraries\RF24\utility" -MMD -MP -MF"core\core\HardwareSerial1.cpp.d" -MT"core\core\HardwareSerial1.cpp.o" -D__IN_ECLIPSE__=1 -x c++ "D:\Downloads\Sloeber\arduinoPlugin\packages\arduino\hardware\avr\1.8.4\cores\arduino\HardwareSerial1.cpp"   -o "core\core\HardwareSerial1.cpp.o"
'Finished building: D:\Downloads\Sloeber\arduinoPlugin\packages\arduino\hardware\avr\1.8.4\cores\arduino\HardwareSerial1.cpp'
' '
'Building file: D:\Downloads\Sloeber\arduinoPlugin\packages\arduino\hardware\avr\1.8.4\cores\arduino\HardwareSerial2.cpp'
'Starting C++ compile'
"D:\Downloads\Sloeber\arduinoPlugin\packages\arduino\tools\avr-gcc\7.3.0-atmel3.6.1-arduino7/bin/avr-g++" -c -g -Os -w -std=gnu++11 -fpermissive -fno-exceptions -ffunction-sections -fdata-sections -fno-threadsafe-statics -Wno-error=narrowing -MMD -flto -mmcu=atmega2560 -DF_CPU=16000000L -DARDUINO=10812 -DARDUINO_AVR_MEGA2560 -DARDUINO_ARCH_AVR     -I"D:\Downloads\Sloeber\arduinoPlugin\packages\arduino\hardware\avr\1.8.4\cores\arduino" -I"D:\Downloads\Sloeber\arduinoPlugin\packages\arduino\hardware\avr\1.8.4\variants\mega" -I"C:\Users\Mohamed Ezzat\Documents\Arduino\libraries\RF24" -I"D:\Downloads\Sloeber\arduinoPlugin\packages\arduino\hardware\avr\1.8.4\libraries\SPI\src" -I"C:\Users\Mohamed Ezzat\Documents\Arduino\libraries\RF24\utility" -MMD -MP -MF"core\core\HardwareSerial2.cpp.d" -MT"core\core\HardwareSerial2.cpp.o" -D__IN_ECLIPSE__=1 -x c++ "D:\Downloads\Sloeber\arduinoPlugin\packages\arduino\hardware\avr\1.8.4\cores\arduino\HardwareSerial2.cpp"   -o "core\core\HardwareSerial2.cpp.o"
'Finished building: D:\Downloads\Sloeber\arduinoPlugin\packages\arduino\hardware\avr\1.8.4\cores\arduino\HardwareSerial2.cpp'
' '
'Building file: D:\Downloads\Sloeber\arduinoPlugin\packages\arduino\hardware\avr\1.8.4\cores\arduino\HardwareSerial3.cpp'
'Starting C++ compile'
"D:\Downloads\Sloeber\arduinoPlugin\packages\arduino\tools\avr-gcc\7.3.0-atmel3.6.1-arduino7/bin/avr-g++" -c -g -Os -w -std=gnu++11 -fpermissive -fno-exceptions -ffunction-sections -fdata-sections -fno-threadsafe-statics -Wno-error=narrowing -MMD -flto -mmcu=atmega2560 -DF_CPU=16000000L -DARDUINO=10812 -DARDUINO_AVR_MEGA2560 -DARDUINO_ARCH_AVR     -I"D:\Downloads\Sloeber\arduinoPlugin\packages\arduino\hardware\avr\1.8.4\cores\arduino" -I"D:\Downloads\Sloeber\arduinoPlugin\packages\arduino\hardware\avr\1.8.4\variants\mega" -I"C:\Users\Mohamed Ezzat\Documents\Arduino\libraries\RF24" -I"D:\Downloads\Sloeber\arduinoPlugin\packages\arduino\hardware\avr\1.8.4\libraries\SPI\src" -I"C:\Users\Mohamed Ezzat\Documents\Arduino\libraries\RF24\utility" -MMD -MP -MF"core\core\HardwareSerial3.cpp.d" -MT"core\core\HardwareSerial3.cpp.o" -D__IN_ECLIPSE__=1 -x c++ "D:\Downloads\Sloeber\arduinoPlugin\packages\arduino\hardware\avr\1.8.4\cores\arduino\HardwareSerial3.cpp"   -o "core\core\HardwareSerial3.cpp.o"
'Finished building: D:\Downloads\Sloeber\arduinoPlugin\packages\arduino\hardware\avr\1.8.4\cores\arduino\HardwareSerial3.cpp'
' '
'Building file: D:\Downloads\Sloeber\arduinoPlugin\packages\arduino\hardware\avr\1.8.4\cores\arduino\IPAddress.cpp'
'Starting C++ compile'
"D:\Downloads\Sloeber\arduinoPlugin\packages\arduino\tools\avr-gcc\7.3.0-atmel3.6.1-arduino7/bin/avr-g++" -c -g -Os -w -std=gnu++11 -fpermissive -fno-exceptions -ffunction-sections -fdata-sections -fno-threadsafe-statics -Wno-error=narrowing -MMD -flto -mmcu=atmega2560 -DF_CPU=16000000L -DARDUINO=10812 -DARDUINO_AVR_MEGA2560 -DARDUINO_ARCH_AVR     -I"D:\Downloads\Sloeber\arduinoPlugin\packages\arduino\hardware\avr\1.8.4\cores\arduino" -I"D:\Downloads\Sloeber\arduinoPlugin\packages\arduino\hardware\avr\1.8.4\variants\mega" -I"C:\Users\Mohamed Ezzat\Documents\Arduino\libraries\RF24" -I"D:\Downloads\Sloeber\arduinoPlugin\packages\arduino\hardware\avr\1.8.4\libraries\SPI\src" -I"C:\Users\Mohamed Ezzat\Documents\Arduino\libraries\RF24\utility" -MMD -MP -MF"core\core\IPAddress.cpp.d" -MT"core\core\IPAddress.cpp.o" -D__IN_ECLIPSE__=1 -x c++ "D:\Downloads\Sloeber\arduinoPlugin\packages\arduino\hardware\avr\1.8.4\cores\arduino\IPAddress.cpp"   -o "core\core\IPAddress.cpp.o"
'Finished building: D:\Downloads\Sloeber\arduinoPlugin\packages\arduino\hardware\avr\1.8.4\cores\arduino\IPAddress.cpp'
' '
'Building file: D:\Downloads\Sloeber\arduinoPlugin\packages\arduino\hardware\avr\1.8.4\cores\arduino\PluggableUSB.cpp'
'Starting C++ compile'
"D:\Downloads\Sloeber\arduinoPlugin\packages\arduino\tools\avr-gcc\7.3.0-atmel3.6.1-arduino7/bin/avr-g++" -c -g -Os -w -std=gnu++11 -fpermissive -fno-exceptions -ffunction-sections -fdata-sections -fno-threadsafe-statics -Wno-error=narrowing -MMD -flto -mmcu=atmega2560 -DF_CPU=16000000L -DARDUINO=10812 -DARDUINO_AVR_MEGA2560 -DARDUINO_ARCH_AVR     -I"D:\Downloads\Sloeber\arduinoPlugin\packages\arduino\hardware\avr\1.8.4\cores\arduino" -I"D:\Downloads\Sloeber\arduinoPlugin\packages\arduino\hardware\avr\1.8.4\variants\mega" -I"C:\Users\Mohamed Ezzat\Documents\Arduino\libraries\RF24" -I"D:\Downloads\Sloeber\arduinoPlugin\packages\arduino\hardware\avr\1.8.4\libraries\SPI\src" -I"C:\Users\Mohamed Ezzat\Documents\Arduino\libraries\RF24\utility" -MMD -MP -MF"core\core\PluggableUSB.cpp.d" -MT"core\core\PluggableUSB.cpp.o" -D__IN_ECLIPSE__=1 -x c++ "D:\Downloads\Sloeber\arduinoPlugin\packages\arduino\hardware\avr\1.8.4\cores\arduino\PluggableUSB.cpp"   -o "core\core\PluggableUSB.cpp.o"
'Finished building: D:\Downloads\Sloeber\arduinoPlugin\packages\arduino\hardware\avr\1.8.4\cores\arduino\PluggableUSB.cpp'
' '
'Building file: D:\Downloads\Sloeber\arduinoPlugin\packages\arduino\hardware\avr\1.8.4\cores\arduino\Print.cpp'
'Starting C++ compile'
"D:\Downloads\Sloeber\arduinoPlugin\packages\arduino\tools\avr-gcc\7.3.0-atmel3.6.1-arduino7/bin/avr-g++" -c -g -Os -w -std=gnu++11 -fpermissive -fno-exceptions -ffunction-sections -fdata-sections -fno-threadsafe-statics -Wno-error=narrowing -MMD -flto -mmcu=atmega2560 -DF_CPU=16000000L -DARDUINO=10812 -DARDUINO_AVR_MEGA2560 -DARDUINO_ARCH_AVR     -I"D:\Downloads\Sloeber\arduinoPlugin\packages\arduino\hardware\avr\1.8.4\cores\arduino" -I"D:\Downloads\Sloeber\arduinoPlugin\packages\arduino\hardware\avr\1.8.4\variants\mega" -I"C:\Users\Mohamed Ezzat\Documents\Arduino\libraries\RF24" -I"D:\Downloads\Sloeber\arduinoPlugin\packages\arduino\hardware\avr\1.8.4\libraries\SPI\src" -I"C:\Users\Mohamed Ezzat\Documents\Arduino\libraries\RF24\utility" -MMD -MP -MF"core\core\Print.cpp.d" -MT"core\core\Print.cpp.o" -D__IN_ECLIPSE__=1 -x c++ "D:\Downloads\Sloeber\arduinoPlugin\packages\arduino\hardware\avr\1.8.4\cores\arduino\Print.cpp"   -o "core\core\Print.cpp.o"
'Finished building: D:\Downloads\Sloeber\arduinoPlugin\packages\arduino\hardware\avr\1.8.4\cores\arduino\Print.cpp'
' '
'Building file: D:\Downloads\Sloeber\arduinoPlugin\packages\arduino\hardware\avr\1.8.4\cores\arduino\Stream.cpp'
'Starting C++ compile'
"D:\Downloads\Sloeber\arduinoPlugin\packages\arduino\tools\avr-gcc\7.3.0-atmel3.6.1-arduino7/bin/avr-g++" -c -g -Os -w -std=gnu++11 -fpermissive -fno-exceptions -ffunction-sections -fdata-sections -fno-threadsafe-statics -Wno-error=narrowing -MMD -flto -mmcu=atmega2560 -DF_CPU=16000000L -DARDUINO=10812 -DARDUINO_AVR_MEGA2560 -DARDUINO_ARCH_AVR     -I"D:\Downloads\Sloeber\arduinoPlugin\packages\arduino\hardware\avr\1.8.4\cores\arduino" -I"D:\Downloads\Sloeber\arduinoPlugin\packages\arduino\hardware\avr\1.8.4\variants\mega" -I"C:\Users\Mohamed Ezzat\Documents\Arduino\libraries\RF24" -I"D:\Downloads\Sloeber\arduinoPlugin\packages\arduino\hardware\avr\1.8.4\libraries\SPI\src" -I"C:\Users\Mohamed Ezzat\Documents\Arduino\libraries\RF24\utility" -MMD -MP -MF"core\core\Stream.cpp.d" -MT"core\core\Stream.cpp.o" -D__IN_ECLIPSE__=1 -x c++ "D:\Downloads\Sloeber\arduinoPlugin\packages\arduino\hardware\avr\1.8.4\cores\arduino\Stream.cpp"   -o "core\core\Stream.cpp.o"
'Finished building: D:\Downloads\Sloeber\arduinoPlugin\packages\arduino\hardware\avr\1.8.4\cores\arduino\Stream.cpp'
' '
'Building file: D:\Downloads\Sloeber\arduinoPlugin\packages\arduino\hardware\avr\1.8.4\cores\arduino\Tone.cpp'
'Starting C++ compile'
"D:\Downloads\Sloeber\arduinoPlugin\packages\arduino\tools\avr-gcc\7.3.0-atmel3.6.1-arduino7/bin/avr-g++" -c -g -Os -w -std=gnu++11 -fpermissive -fno-exceptions -ffunction-sections -fdata-sections -fno-threadsafe-statics -Wno-error=narrowing -MMD -flto -mmcu=atmega2560 -DF_CPU=16000000L -DARDUINO=10812 -DARDUINO_AVR_MEGA2560 -DARDUINO_ARCH_AVR     -I"D:\Downloads\Sloeber\arduinoPlugin\packages\arduino\hardware\avr\1.8.4\cores\arduino" -I"D:\Downloads\Sloeber\arduinoPlugin\packages\arduino\hardware\avr\1.8.4\variants\mega" -I"C:\Users\Mohamed Ezzat\Documents\Arduino\libraries\RF24" -I"D:\Downloads\Sloeber\arduinoPlugin\packages\arduino\hardware\avr\1.8.4\libraries\SPI\src" -I"C:\Users\Mohamed Ezzat\Documents\Arduino\libraries\RF24\utility" -MMD -MP -MF"core\core\Tone.cpp.d" -MT"core\core\Tone.cpp.o" -D__IN_ECLIPSE__=1 -x c++ "D:\Downloads\Sloeber\arduinoPlugin\packages\arduino\hardware\avr\1.8.4\cores\arduino\Tone.cpp"   -o "core\core\Tone.cpp.o"
'Finished building: D:\Downloads\Sloeber\arduinoPlugin\packages\arduino\hardware\avr\1.8.4\cores\arduino\Tone.cpp'
' '
'Building file: D:\Downloads\Sloeber\arduinoPlugin\packages\arduino\hardware\avr\1.8.4\cores\arduino\USBCore.cpp'
'Starting C++ compile'
"D:\Downloads\Sloeber\arduinoPlugin\packages\arduino\tools\avr-gcc\7.3.0-atmel3.6.1-arduino7/bin/avr-g++" -c -g -Os -w -std=gnu++11 -fpermissive -fno-exceptions -ffunction-sections -fdata-sections -fno-threadsafe-statics -Wno-error=narrowing -MMD -flto -mmcu=atmega2560 -DF_CPU=16000000L -DARDUINO=10812 -DARDUINO_AVR_MEGA2560 -DARDUINO_ARCH_AVR     -I"D:\Downloads\Sloeber\arduinoPlugin\packages\arduino\hardware\avr\1.8.4\cores\arduino" -I"D:\Downloads\Sloeber\arduinoPlugin\packages\arduino\hardware\avr\1.8.4\variants\mega" -I"C:\Users\Mohamed Ezzat\Documents\Arduino\libraries\RF24" -I"D:\Downloads\Sloeber\arduinoPlugin\packages\arduino\hardware\avr\1.8.4\libraries\SPI\src" -I"C:\Users\Mohamed Ezzat\Documents\Arduino\libraries\RF24\utility" -MMD -MP -MF"core\core\USBCore.cpp.d" -MT"core\core\USBCore.cpp.o" -D__IN_ECLIPSE__=1 -x c++ "D:\Downloads\Sloeber\arduinoPlugin\packages\arduino\hardware\avr\1.8.4\cores\arduino\USBCore.cpp"   -o "core\core\USBCore.cpp.o"
'Finished building: D:\Downloads\Sloeber\arduinoPlugin\packages\arduino\hardware\avr\1.8.4\cores\arduino\USBCore.cpp'
' '
'Building file: D:\Downloads\Sloeber\arduinoPlugin\packages\arduino\hardware\avr\1.8.4\cores\arduino\WInterrupts.c'
'Starting C compile'
"D:\Downloads\Sloeber\arduinoPlugin\packages\arduino\tools\avr-gcc\7.3.0-atmel3.6.1-arduino7/bin/avr-gcc" -c -g -Os -w -std=gnu11 -ffunction-sections -fdata-sections -MMD -flto -fno-fat-lto-objects -mmcu=atmega2560 -DF_CPU=16000000L -DARDUINO=10812 -DARDUINO_AVR_MEGA2560 -DARDUINO_ARCH_AVR     -I"D:\Downloads\Sloeber\arduinoPlugin\packages\arduino\hardware\avr\1.8.4\cores\arduino" -I"D:\Downloads\Sloeber\arduinoPlugin\packages\arduino\hardware\avr\1.8.4\variants\mega" -I"C:\Users\Mohamed Ezzat\Documents\Arduino\libraries\RF24" -I"D:\Downloads\Sloeber\arduinoPlugin\packages\arduino\hardware\avr\1.8.4\libraries\SPI\src" -I"C:\Users\Mohamed Ezzat\Documents\Arduino\libraries\RF24\utility" -MMD -MP -MF"core\core\WInterrupts.c.d" -MT"core\core\WInterrupts.c.o" -D__IN_ECLIPSE__=1 "D:\Downloads\Sloeber\arduinoPlugin\packages\arduino\hardware\avr\1.8.4\cores\arduino\WInterrupts.c"   -o "core\core\WInterrupts.c.o"
'Finished building: D:\Downloads\Sloeber\arduinoPlugin\packages\arduino\hardware\avr\1.8.4\cores\arduino\WInterrupts.c'
' '
'Building file: D:\Downloads\Sloeber\arduinoPlugin\packages\arduino\hardware\avr\1.8.4\cores\arduino\WMath.cpp'
'Starting C++ compile'
"D:\Downloads\Sloeber\arduinoPlugin\packages\arduino\tools\avr-gcc\7.3.0-atmel3.6.1-arduino7/bin/avr-g++" -c -g -Os -w -std=gnu++11 -fpermissive -fno-exceptions -ffunction-sections -fdata-sections -fno-threadsafe-statics -Wno-error=narrowing -MMD -flto -mmcu=atmega2560 -DF_CPU=16000000L -DARDUINO=10812 -DARDUINO_AVR_MEGA2560 -DARDUINO_ARCH_AVR     -I"D:\Downloads\Sloeber\arduinoPlugin\packages\arduino\hardware\avr\1.8.4\cores\arduino" -I"D:\Downloads\Sloeber\arduinoPlugin\packages\arduino\hardware\avr\1.8.4\variants\mega" -I"C:\Users\Mohamed Ezzat\Documents\Arduino\libraries\RF24" -I"D:\Downloads\Sloeber\arduinoPlugin\packages\arduino\hardware\avr\1.8.4\libraries\SPI\src" -I"C:\Users\Mohamed Ezzat\Documents\Arduino\libraries\RF24\utility" -MMD -MP -MF"core\core\WMath.cpp.d" -MT"core\core\WMath.cpp.o" -D__IN_ECLIPSE__=1 -x c++ "D:\Downloads\Sloeber\arduinoPlugin\packages\arduino\hardware\avr\1.8.4\cores\arduino\WMath.cpp"   -o "core\core\WMath.cpp.o"
'Finished building: D:\Downloads\Sloeber\arduinoPlugin\packages\arduino\hardware\avr\1.8.4\cores\arduino\WMath.cpp'
' '
'Building file: D:\Downloads\Sloeber\arduinoPlugin\packages\arduino\hardware\avr\1.8.4\cores\arduino\WString.cpp'
'Starting C++ compile'
"D:\Downloads\Sloeber\arduinoPlugin\packages\arduino\tools\avr-gcc\7.3.0-atmel3.6.1-arduino7/bin/avr-g++" -c -g -Os -w -std=gnu++11 -fpermissive -fno-exceptions -ffunction-sections -fdata-sections -fno-threadsafe-statics -Wno-error=narrowing -MMD -flto -mmcu=atmega2560 -DF_CPU=16000000L -DARDUINO=10812 -DARDUINO_AVR_MEGA2560 -DARDUINO_ARCH_AVR     -I"D:\Downloads\Sloeber\arduinoPlugin\packages\arduino\hardware\avr\1.8.4\cores\arduino" -I"D:\Downloads\Sloeber\arduinoPlugin\packages\arduino\hardware\avr\1.8.4\variants\mega" -I"C:\Users\Mohamed Ezzat\Documents\Arduino\libraries\RF24" -I"D:\Downloads\Sloeber\arduinoPlugin\packages\arduino\hardware\avr\1.8.4\libraries\SPI\src" -I"C:\Users\Mohamed Ezzat\Documents\Arduino\libraries\RF24\utility" -MMD -MP -MF"core\core\WString.cpp.d" -MT"core\core\WString.cpp.o" -D__IN_ECLIPSE__=1 -x c++ "D:\Downloads\Sloeber\arduinoPlugin\packages\arduino\hardware\avr\1.8.4\cores\arduino\WString.cpp"   -o "core\core\WString.cpp.o"
'Finished building: D:\Downloads\Sloeber\arduinoPlugin\packages\arduino\hardware\avr\1.8.4\cores\arduino\WString.cpp'
' '
'Building file: D:\Downloads\Sloeber\arduinoPlugin\packages\arduino\hardware\avr\1.8.4\cores\arduino\abi.cpp'
'Starting C++ compile'
"D:\Downloads\Sloeber\arduinoPlugin\packages\arduino\tools\avr-gcc\7.3.0-atmel3.6.1-arduino7/bin/avr-g++" -c -g -Os -w -std=gnu++11 -fpermissive -fno-exceptions -ffunction-sections -fdata-sections -fno-threadsafe-statics -Wno-error=narrowing -MMD -flto -mmcu=atmega2560 -DF_CPU=16000000L -DARDUINO=10812 -DARDUINO_AVR_MEGA2560 -DARDUINO_ARCH_AVR     -I"D:\Downloads\Sloeber\arduinoPlugin\packages\arduino\hardware\avr\1.8.4\cores\arduino" -I"D:\Downloads\Sloeber\arduinoPlugin\packages\arduino\hardware\avr\1.8.4\variants\mega" -I"C:\Users\Mohamed Ezzat\Documents\Arduino\libraries\RF24" -I"D:\Downloads\Sloeber\arduinoPlugin\packages\arduino\hardware\avr\1.8.4\libraries\SPI\src" -I"C:\Users\Mohamed Ezzat\Documents\Arduino\libraries\RF24\utility" -MMD -MP -MF"core\core\abi.cpp.d" -MT"core\core\abi.cpp.o" -D__IN_ECLIPSE__=1 -x c++ "D:\Downloads\Sloeber\arduinoPlugin\packages\arduino\hardware\avr\1.8.4\cores\arduino\abi.cpp"   -o "core\core\abi.cpp.o"
'Finished building: D:\Downloads\Sloeber\arduinoPlugin\packages\arduino\hardware\avr\1.8.4\cores\arduino\abi.cpp'
' '
'Building file: D:\Downloads\Sloeber\arduinoPlugin\packages\arduino\hardware\avr\1.8.4\cores\arduino\hooks.c'
'Starting C compile'
"D:\Downloads\Sloeber\arduinoPlugin\packages\arduino\tools\avr-gcc\7.3.0-atmel3.6.1-arduino7/bin/avr-gcc" -c -g -Os -w -std=gnu11 -ffunction-sections -fdata-sections -MMD -flto -fno-fat-lto-objects -mmcu=atmega2560 -DF_CPU=16000000L -DARDUINO=10812 -DARDUINO_AVR_MEGA2560 -DARDUINO_ARCH_AVR     -I"D:\Downloads\Sloeber\arduinoPlugin\packages\arduino\hardware\avr\1.8.4\cores\arduino" -I"D:\Downloads\Sloeber\arduinoPlugin\packages\arduino\hardware\avr\1.8.4\variants\mega" -I"C:\Users\Mohamed Ezzat\Documents\Arduino\libraries\RF24" -I"D:\Downloads\Sloeber\arduinoPlugin\packages\arduino\hardware\avr\1.8.4\libraries\SPI\src" -I"C:\Users\Mohamed Ezzat\Documents\Arduino\libraries\RF24\utility" -MMD -MP -MF"core\core\hooks.c.d" -MT"core\core\hooks.c.o" -D__IN_ECLIPSE__=1 "D:\Downloads\Sloeber\arduinoPlugin\packages\arduino\hardware\avr\1.8.4\cores\arduino\hooks.c"   -o "core\core\hooks.c.o"
'Finished building: D:\Downloads\Sloeber\arduinoPlugin\packages\arduino\hardware\avr\1.8.4\cores\arduino\hooks.c'
' '
'Building file: D:\Downloads\Sloeber\arduinoPlugin\packages\arduino\hardware\avr\1.8.4\cores\arduino\main.cpp'
'Starting C++ compile'
"D:\Downloads\Sloeber\arduinoPlugin\packages\arduino\tools\avr-gcc\7.3.0-atmel3.6.1-arduino7/bin/avr-g++" -c -g -Os -w -std=gnu++11 -fpermissive -fno-exceptions -ffunction-sections -fdata-sections -fno-threadsafe-statics -Wno-error=narrowing -MMD -flto -mmcu=atmega2560 -DF_CPU=16000000L -DARDUINO=10812 -DARDUINO_AVR_MEGA2560 -DARDUINO_ARCH_AVR     -I"D:\Downloads\Sloeber\arduinoPlugin\packages\arduino\hardware\avr\1.8.4\cores\arduino" -I"D:\Downloads\Sloeber\arduinoPlugin\packages\arduino\hardware\avr\1.8.4\variants\mega" -I"C:\Users\Mohamed Ezzat\Documents\Arduino\libraries\RF24" -I"D:\Downloads\Sloeber\arduinoPlugin\packages\arduino\hardware\avr\1.8.4\libraries\SPI\src" -I"C:\Users\Mohamed Ezzat\Documents\Arduino\libraries\RF24\utility" -MMD -MP -MF"core\core\main.cpp.d" -MT"core\core\main.cpp.o" -D__IN_ECLIPSE__=1 -x c++ "D:\Downloads\Sloeber\arduinoPlugin\packages\arduino\hardware\avr\1.8.4\cores\arduino\main.cpp"   -o "core\core\main.cpp.o"
'Finished building: D:\Downloads\Sloeber\arduinoPlugin\packages\arduino\hardware\avr\1.8.4\cores\arduino\main.cpp'
' '
'Building file: D:\Downloads\Sloeber\arduinoPlugin\packages\arduino\hardware\avr\1.8.4\cores\arduino\new.cpp'
'Starting C++ compile'
"D:\Downloads\Sloeber\arduinoPlugin\packages\arduino\tools\avr-gcc\7.3.0-atmel3.6.1-arduino7/bin/avr-g++" -c -g -Os -w -std=gnu++11 -fpermissive -fno-exceptions -ffunction-sections -fdata-sections -fno-threadsafe-statics -Wno-error=narrowing -MMD -flto -mmcu=atmega2560 -DF_CPU=16000000L -DARDUINO=10812 -DARDUINO_AVR_MEGA2560 -DARDUINO_ARCH_AVR     -I"D:\Downloads\Sloeber\arduinoPlugin\packages\arduino\hardware\avr\1.8.4\cores\arduino" -I"D:\Downloads\Sloeber\arduinoPlugin\packages\arduino\hardware\avr\1.8.4\variants\mega" -I"C:\Users\Mohamed Ezzat\Documents\Arduino\libraries\RF24" -I"D:\Downloads\Sloeber\arduinoPlugin\packages\arduino\hardware\avr\1.8.4\libraries\SPI\src" -I"C:\Users\Mohamed Ezzat\Documents\Arduino\libraries\RF24\utility" -MMD -MP -MF"core\core\new.cpp.d" -MT"core\core\new.cpp.o" -D__IN_ECLIPSE__=1 -x c++ "D:\Downloads\Sloeber\arduinoPlugin\packages\arduino\hardware\avr\1.8.4\cores\arduino\new.cpp"   -o "core\core\new.cpp.o"
'Finished building: D:\Downloads\Sloeber\arduinoPlugin\packages\arduino\hardware\avr\1.8.4\cores\arduino\new.cpp'
' '
'Building file: D:\Downloads\Sloeber\arduinoPlugin\packages\arduino\hardware\avr\1.8.4\cores\arduino\wiring.c'
'Starting C compile'
"D:\Downloads\Sloeber\arduinoPlugin\packages\arduino\tools\avr-gcc\7.3.0-atmel3.6.1-arduino7/bin/avr-gcc" -c -g -Os -w -std=gnu11 -ffunction-sections -fdata-sections -MMD -flto -fno-fat-lto-objects -mmcu=atmega2560 -DF_CPU=16000000L -DARDUINO=10812 -DARDUINO_AVR_MEGA2560 -DARDUINO_ARCH_AVR     -I"D:\Downloads\Sloeber\arduinoPlugin\packages\arduino\hardware\avr\1.8.4\cores\arduino" -I"D:\Downloads\Sloeber\arduinoPlugin\packages\arduino\hardware\avr\1.8.4\variants\mega" -I"C:\Users\Mohamed Ezzat\Documents\Arduino\libraries\RF24" -I"D:\Downloads\Sloeber\arduinoPlugin\packages\arduino\hardware\avr\1.8.4\libraries\SPI\src" -I"C:\Users\Mohamed Ezzat\Documents\Arduino\libraries\RF24\utility" -MMD -MP -MF"core\core\wiring.c.d" -MT"core\core\wiring.c.o" -D__IN_ECLIPSE__=1 "D:\Downloads\Sloeber\arduinoPlugin\packages\arduino\hardware\avr\1.8.4\cores\arduino\wiring.c"   -o "core\core\wiring.c.o"
'Finished building: D:\Downloads\Sloeber\arduinoPlugin\packages\arduino\hardware\avr\1.8.4\cores\arduino\wiring.c'
' '
'Building file: D:\Downloads\Sloeber\arduinoPlugin\packages\arduino\hardware\avr\1.8.4\cores\arduino\wiring_analog.c'
'Starting C compile'
"D:\Downloads\Sloeber\arduinoPlugin\packages\arduino\tools\avr-gcc\7.3.0-atmel3.6.1-arduino7/bin/avr-gcc" -c -g -Os -w -std=gnu11 -ffunction-sections -fdata-sections -MMD -flto -fno-fat-lto-objects -mmcu=atmega2560 -DF_CPU=16000000L -DARDUINO=10812 -DARDUINO_AVR_MEGA2560 -DARDUINO_ARCH_AVR     -I"D:\Downloads\Sloeber\arduinoPlugin\packages\arduino\hardware\avr\1.8.4\cores\arduino" -I"D:\Downloads\Sloeber\arduinoPlugin\packages\arduino\hardware\avr\1.8.4\variants\mega" -I"C:\Users\Mohamed Ezzat\Documents\Arduino\libraries\RF24" -I"D:\Downloads\Sloeber\arduinoPlugin\packages\arduino\hardware\avr\1.8.4\libraries\SPI\src" -I"C:\Users\Mohamed Ezzat\Documents\Arduino\libraries\RF24\utility" -MMD -MP -MF"core\core\wiring_analog.c.d" -MT"core\core\wiring_analog.c.o" -D__IN_ECLIPSE__=1 "D:\Downloads\Sloeber\arduinoPlugin\packages\arduino\hardware\avr\1.8.4\cores\arduino\wiring_analog.c"   -o "core\core\wiring_analog.c.o"
'Finished building: D:\Downloads\Sloeber\arduinoPlugin\packages\arduino\hardware\avr\1.8.4\cores\arduino\wiring_analog.c'
' '
'Building file: D:\Downloads\Sloeber\arduinoPlugin\packages\arduino\hardware\avr\1.8.4\cores\arduino\wiring_digital.c'
'Starting C compile'
"D:\Downloads\Sloeber\arduinoPlugin\packages\arduino\tools\avr-gcc\7.3.0-atmel3.6.1-arduino7/bin/avr-gcc" -c -g -Os -w -std=gnu11 -ffunction-sections -fdata-sections -MMD -flto -fno-fat-lto-objects -mmcu=atmega2560 -DF_CPU=16000000L -DARDUINO=10812 -DARDUINO_AVR_MEGA2560 -DARDUINO_ARCH_AVR     -I"D:\Downloads\Sloeber\arduinoPlugin\packages\arduino\hardware\avr\1.8.4\cores\arduino" -I"D:\Downloads\Sloeber\arduinoPlugin\packages\arduino\hardware\avr\1.8.4\variants\mega" -I"C:\Users\Mohamed Ezzat\Documents\Arduino\libraries\RF24" -I"D:\Downloads\Sloeber\arduinoPlugin\packages\arduino\hardware\avr\1.8.4\libraries\SPI\src" -I"C:\Users\Mohamed Ezzat\Documents\Arduino\libraries\RF24\utility" -MMD -MP -MF"core\core\wiring_digital.c.d" -MT"core\core\wiring_digital.c.o" -D__IN_ECLIPSE__=1 "D:\Downloads\Sloeber\arduinoPlugin\packages\arduino\hardware\avr\1.8.4\cores\arduino\wiring_digital.c"   -o "core\core\wiring_digital.c.o"
'Finished building: D:\Downloads\Sloeber\arduinoPlugin\packages\arduino\hardware\avr\1.8.4\cores\arduino\wiring_digital.c'
' '
'Building file: D:\Downloads\Sloeber\arduinoPlugin\packages\arduino\hardware\avr\1.8.4\cores\arduino\wiring_pulse.S'
'Starting S compile'
"D:\Downloads\Sloeber\arduinoPlugin\packages\arduino\tools\avr-gcc\7.3.0-atmel3.6.1-arduino7/bin/avr-gcc" -c -g -x assembler-with-cpp -flto -MMD -mmcu=atmega2560 -DF_CPU=16000000L -DARDUINO=10812 -DARDUINO_AVR_MEGA2560 -DARDUINO_ARCH_AVR     -I"D:\Downloads\Sloeber\arduinoPlugin\packages\arduino\hardware\avr\1.8.4\cores\arduino" -I"D:\Downloads\Sloeber\arduinoPlugin\packages\arduino\hardware\avr\1.8.4\variants\mega" -I"C:\Users\Mohamed Ezzat\Documents\Arduino\libraries\RF24" -I"D:\Downloads\Sloeber\arduinoPlugin\packages\arduino\hardware\avr\1.8.4\libraries\SPI\src" -I"C:\Users\Mohamed Ezzat\Documents\Arduino\libraries\RF24\utility" -MMD -MP -MF"core\core\wiring_pulse.S.d" -MT"core\core\wiring_pulse.S.o"  "D:\Downloads\Sloeber\arduinoPlugin\packages\arduino\hardware\avr\1.8.4\cores\arduino\wiring_pulse.S"   -o "core\core\wiring_pulse.S.o"
'Finished building: D:\Downloads\Sloeber\arduinoPlugin\packages\arduino\hardware\avr\1.8.4\cores\arduino\wiring_pulse.S'
' '
'Building file: D:\Downloads\Sloeber\arduinoPlugin\packages\arduino\hardware\avr\1.8.4\cores\arduino\wiring_pulse.c'
'Starting C compile'
"D:\Downloads\Sloeber\arduinoPlugin\packages\arduino\tools\avr-gcc\7.3.0-atmel3.6.1-arduino7/bin/avr-gcc" -c -g -Os -w -std=gnu11 -ffunction-sections -fdata-sections -MMD -flto -fno-fat-lto-objects -mmcu=atmega2560 -DF_CPU=16000000L -DARDUINO=10812 -DARDUINO_AVR_MEGA2560 -DARDUINO_ARCH_AVR     -I"D:\Downloads\Sloeber\arduinoPlugin\packages\arduino\hardware\avr\1.8.4\cores\arduino" -I"D:\Downloads\Sloeber\arduinoPlugin\packages\arduino\hardware\avr\1.8.4\variants\mega" -I"C:\Users\Mohamed Ezzat\Documents\Arduino\libraries\RF24" -I"D:\Downloads\Sloeber\arduinoPlugin\packages\arduino\hardware\avr\1.8.4\libraries\SPI\src" -I"C:\Users\Mohamed Ezzat\Documents\Arduino\libraries\RF24\utility" -MMD -MP -MF"core\core\wiring_pulse.c.d" -MT"core\core\wiring_pulse.c.o" -D__IN_ECLIPSE__=1 "D:\Downloads\Sloeber\arduinoPlugin\packages\arduino\hardware\avr\1.8.4\cores\arduino\wiring_pulse.c"   -o "core\core\wiring_pulse.c.o"
'Finished building: D:\Downloads\Sloeber\arduinoPlugin\packages\arduino\hardware\avr\1.8.4\cores\arduino\wiring_pulse.c'
' '
'Building file: D:\Downloads\Sloeber\arduinoPlugin\packages\arduino\hardware\avr\1.8.4\cores\arduino\wiring_shift.c'
'Starting C compile'
"D:\Downloads\Sloeber\arduinoPlugin\packages\arduino\tools\avr-gcc\7.3.0-atmel3.6.1-arduino7/bin/avr-gcc" -c -g -Os -w -std=gnu11 -ffunction-sections -fdata-sections -MMD -flto -fno-fat-lto-objects -mmcu=atmega2560 -DF_CPU=16000000L -DARDUINO=10812 -DARDUINO_AVR_MEGA2560 -DARDUINO_ARCH_AVR     -I"D:\Downloads\Sloeber\arduinoPlugin\packages\arduino\hardware\avr\1.8.4\cores\arduino" -I"D:\Downloads\Sloeber\arduinoPlugin\packages\arduino\hardware\avr\1.8.4\variants\mega" -I"C:\Users\Mohamed Ezzat\Documents\Arduino\libraries\RF24" -I"D:\Downloads\Sloeber\arduinoPlugin\packages\arduino\hardware\avr\1.8.4\libraries\SPI\src" -I"C:\Users\Mohamed Ezzat\Documents\Arduino\libraries\RF24\utility" -MMD -MP -MF"core\core\wiring_shift.c.d" -MT"core\core\wiring_shift.c.o" -D__IN_ECLIPSE__=1 "D:\Downloads\Sloeber\arduinoPlugin\packages\arduino\hardware\avr\1.8.4\cores\arduino\wiring_shift.c"   -o "core\core\wiring_shift.c.o"
'Finished building: D:\Downloads\Sloeber\arduinoPlugin\packages\arduino\hardware\avr\1.8.4\cores\arduino\wiring_shift.c'
' '
'Starting archiver'
"D:\Downloads\Sloeber\arduinoPlugin\packages\arduino\tools\avr-gcc\7.3.0-atmel3.6.1-arduino7/bin/avr-gcc-ar" rcs     E:\Grad_Project\AX_SSP\Release/arduino.ar  .\core\core\CDC.cpp.o .\core\core\HardwareSerial.cpp.o .\core\core\HardwareSerial0.cpp.o .\core\core\HardwareSerial1.cpp.o .\core\core\HardwareSerial2.cpp.o .\core\core\HardwareSerial3.cpp.o .\core\core\IPAddress.cpp.o .\core\core\PluggableUSB.cpp.o .\core\core\Print.cpp.o .\core\core\Stream.cpp.o .\core\core\Tone.cpp.o .\core\core\USBCore.cpp.o .\core\core\WInterrupts.c.o .\core\core\WMath.cpp.o .\core\core\WString.cpp.o .\core\core\abi.cpp.o .\core\core\hooks.c.o .\core\core\main.cpp.o .\core\core\new.cpp.o .\core\core\wiring.c.o .\core\core\wiring_analog.c.o .\core\core\wiring_digital.c.o .\core\core\wiring_pulse.S.o .\core\core\wiring_pulse.c.o .\core\core\wiring_shift.c.o 
'Finished building: E:\Grad_Project\AX_SSP\Release\arduino.ar'
' '
'Starting combiner'
"D:\Downloads\Sloeber\arduinoPlugin\packages\arduino\tools\avr-gcc\7.3.0-atmel3.6.1-arduino7/bin/avr-gcc" -w -Os -g -flto -fuse-linker-plugin -Wl,--gc-sections,--relax -mmcu=atmega2560   -o "E:\Grad_Project\AX_SSP\Release/AX_SSP.elf"    .\sloeber.ino.cpp.o  .\libraries\SPI\src\SPI.cpp.o  .\libraries\RF24\RF24.cpp.o     E:\Grad_Project\AX_SSP\Release/arduino.ar  "-LE:\Grad_Project\AX_SSP\Release" -lm
'Finished building: AX_SSP.elf'
' '
'Do all objcopy commands'
"D:\Downloads\Sloeber\arduinoPlugin\packages\arduino\tools\avr-gcc\7.3.0-atmel3.6.1-arduino7/bin/avr-objcopy" -O ihex -j .eeprom --set-section-flags=.eeprom=alloc,load --no-change-warnings --change-section-lma .eeprom=0  "E:\Grad_Project\AX_SSP\Release/AX_SSP.elf" "E:\Grad_Project\AX_SSP\Release/AX_SSP.eep"
"D:\Downloads\Sloeber\arduinoPlugin\packages\arduino\tools\avr-gcc\7.3.0-atmel3.6.1-arduino7/bin/avr-objcopy" -O ihex -R .eeprom  "E:\Grad_Project\AX_SSP\Release/AX_SSP.elf" "E:\Grad_Project\AX_SSP\Release/AX_SSP.hex"
'Finished building: AX_SSP.hex'
' '
'Building target: AX_SSP'
'Printing size:'
"D:\Downloads\Sloeber\arduinoPlugin\packages\arduino\tools\avr-gcc\7.3.0-atmel3.6.1-arduino7/bin/avr-size" -A "E:\Grad_Project\AX_SSP\Release/AX_SSP.elf"
E:\Grad_Project\AX_SSP\Release/AX_SSP.elf  :
section                     size      addr
.data                        680   8389120
.text                       9886         0
.bss                        3716   8389800
.comment                      17         0
.note.gnu.avr.deviceinfo      64         0
.debug_aranges               232         0
.debug_info                27248         0
.debug_abbrev               4940         0
.debug_line                 8157         0
.debug_frame                1448         0
.debug_str                  5606         0
.debug_loc                 16269         0
.debug_ranges                744         0
Total                      79007


'Finished building target: AX_SSP'
' '

21:50:39 Build Finished. 0 errors, 0 warnings. (took 8s.988ms)

